Determining if the pthread_create exist failed with the following output:
Change Dir: /home/info/ros_web/build/CMakeFiles/CMakeTmp

Run Build Command:"/usr/bin/make" "cmTC_3a93e/fast"
/usr/bin/make -f CMakeFiles/cmTC_3a93e.dir/build.make CMakeFiles/cmTC_3a93e.dir/build
make[1]: Entering directory '/home/info/ros_web/build/CMakeFiles/CMakeTmp'
Building C object CMakeFiles/cmTC_3a93e.dir/CheckSymbolExists.c.o
/usr/bin/cc    -o CMakeFiles/cmTC_3a93e.dir/CheckSymbolExists.c.o   -c /home/info/ros_web/build/CMakeFiles/CMakeTmp/CheckSymbolExists.c
Linking C executable cmTC_3a93e
/usr/bin/cmake -E cmake_link_script CMakeFiles/cmTC_3a93e.dir/link.txt --verbose=1
/usr/bin/cc      -rdynamic CMakeFiles/cmTC_3a93e.dir/CheckSymbolExists.c.o  -o cmTC_3a93e 
CMakeFiles/cmTC_3a93e.dir/CheckSymbolExists.c.o: In function `main':
CheckSymbolExists.c:(.text+0x1b): undefined reference to `pthread_create'
collect2: error: ld returned 1 exit status
CMakeFiles/cmTC_3a93e.dir/build.make:97: recipe for target 'cmTC_3a93e' failed
make[1]: *** [cmTC_3a93e] Error 1
make[1]: Leaving directory '/home/info/ros_web/build/CMakeFiles/CMakeTmp'
Makefile:126: recipe for target 'cmTC_3a93e/fast' failed
make: *** [cmTC_3a93e/fast] Error 2

File /home/info/ros_web/build/CMakeFiles/CMakeTmp/CheckSymbolExists.c:
/* */
#include <pthread.h>

int main(int argc, char** argv)
{
  (void)argv;
#ifndef pthread_create
  return ((int*)(&pthread_create))[argc];
#else
  (void)argc;
  return 0;
#endif
}

Determining if the function pthread_create exists in the pthreads failed with the following output:
Change Dir: /home/info/ros_web/build/CMakeFiles/CMakeTmp

Run Build Command:"/usr/bin/make" "cmTC_bb1cd/fast"
/usr/bin/make -f CMakeFiles/cmTC_bb1cd.dir/build.make CMakeFiles/cmTC_bb1cd.dir/build
make[1]: Entering directory '/home/info/ros_web/build/CMakeFiles/CMakeTmp'
Building C object CMakeFiles/cmTC_bb1cd.dir/CheckFunctionExists.c.o
/usr/bin/cc   -DCHECK_FUNCTION_EXISTS=pthread_create   -o CMakeFiles/cmTC_bb1cd.dir/CheckFunctionExists.c.o   -c /usr/share/cmake-3.10/Modules/CheckFunctionExists.c
Linking C executable cmTC_bb1cd
/usr/bin/cmake -E cmake_link_script CMakeFiles/cmTC_bb1cd.dir/link.txt --verbose=1
/usr/bin/cc  -DCHECK_FUNCTION_EXISTS=pthread_create    -rdynamic CMakeFiles/cmTC_bb1cd.dir/CheckFunctionExists.c.o  -o cmTC_bb1cd -lpthreads 
/usr/bin/ld: cannot find -lpthreads
collect2: error: ld returned 1 exit status
CMakeFiles/cmTC_bb1cd.dir/build.make:97: recipe for target 'cmTC_bb1cd' failed
make[1]: *** [cmTC_bb1cd] Error 1
make[1]: Leaving directory '/home/info/ros_web/build/CMakeFiles/CMakeTmp'
Makefile:126: recipe for target 'cmTC_bb1cd/fast' failed
make: *** [cmTC_bb1cd/fast] Error 2


